#
# There is insufficient memory for the Java Runtime Environment to continue.
# Native memory allocation (mmap) failed to map 1048576 bytes for G1 virtual space
# Possible reasons:
#   The system is out of physical RAM or swap space
#   The process is running with CompressedOops enabled, and the Java Heap may be blocking the growth of the native heap
# Possible solutions:
#   Reduce memory load on the system
#   Increase physical memory or swap space
#   Check if swap backing store is full
#   Decrease Java heap size (-Xmx/-Xms)
#   Decrease number of Java threads
#   Decrease Java thread stack sizes (-Xss)
#   Set larger code cache with -XX:ReservedCodeCacheSize=
#   JVM is running with Unscaled Compressed Oops mode in which the Java heap is
#     placed in the first 4GB address space. The Java Heap base address is the
#     maximum limit for the native heap growth. Please use -XX:HeapBaseMinAddress
#     to set the Java Heap base and to place the Java Heap above 4GB virtual address.
# This output file may be truncated or incomplete.
#
#  Out of Memory Error (os_windows.cpp:3530), pid=90028, tid=106740
#
# JRE version: OpenJDK Runtime Environment (18.0.2.1+1) (build 18.0.2.1+1-1)
# Java VM: OpenJDK 64-Bit Server VM (18.0.2.1+1-1, mixed mode, sharing, tiered, compressed oops, compressed class ptrs, g1 gc, windows-amd64)
# No core dump will be written. Minidumps are not enabled by default on client versions of Windows
#

---------------  S U M M A R Y ------------

Command Line: -ea -Duser.language=en -DnodeNamesHandler=org.jetbrains.plugins.cucumber.java.run.CucumberTestTreeNodeManager -Didea.test.cyclic.buffer.size=1048576 -javaagent:C:\Program Files\JetBrains\IntelliJ IDEA Community Edition 2022.1.1\lib\idea_rt.jar=54891:C:\Program Files\JetBrains\IntelliJ IDEA Community Edition 2022.1.1\bin -Dfile.encoding=UTF-8 com.intellij.rt.junit.JUnitStarter -ideVersion5 -junit4 runners.Runner

Host: AMD Ryzen 5 5500U with Radeon Graphics         , 12 cores, 5G,  Windows 11 , 64 bit Build 22000 (10.0.22000.1219)
Time: Tue Nov 29 15:07:20 2022 Türkiye Standart Saati elapsed time: 8.982395 seconds (0d 0h 0m 8s)

---------------  T H R E A D  ---------------

Current thread (0x0000024aad78e5a0):  WorkerThread "GC Thread#6" [stack: 0x0000007441c00000,0x0000007441d00000] [id=106740]

Stack: [0x0000007441c00000,0x0000007441d00000]
Native frames: (J=compiled Java code, j=interpreted, Vv=VM code, C=native code)
V  [jvm.dll+0x6993aa]
V  [jvm.dll+0x7f46dd]
V  [jvm.dll+0x7f5fee]
V  [jvm.dll+0x7f66a3]
V  [jvm.dll+0x25cf1f]
V  [jvm.dll+0x6962f9]
V  [jvm.dll+0x68ae2a]
V  [jvm.dll+0x32255b]
V  [jvm.dll+0x329f36]
V  [jvm.dll+0x37e7cb]
V  [jvm.dll+0x37edf4]
V  [jvm.dll+0x37eebd]
V  [jvm.dll+0x2fbdb5]
V  [jvm.dll+0x2fbb01]
V  [jvm.dll+0x2e89f6]
V  [jvm.dll+0x2e982a]
V  [jvm.dll+0x2e9bb0]
V  [jvm.dll+0x2e96cc]
V  [jvm.dll+0x3240fa]
V  [jvm.dll+0x324609]
V  [jvm.dll+0x325698]
V  [jvm.dll+0x321ebe]
V  [jvm.dll+0x331518]
V  [jvm.dll+0x33373e]
V  [jvm.dll+0x331b6a]
V  [jvm.dll+0x3332da]
V  [jvm.dll+0x33ed93]
V  [jvm.dll+0x33eedb]
V  [jvm.dll+0x820904]
V  [jvm.dll+0x7a120a]
V  [jvm.dll+0x698255]
C  [ucrtbase.dll+0x26c0c]
C  [KERNEL32.DLL+0x15550]
C  [ntdll.dll+0x485b]


---------------  P R O C E S S  ---------------

Threads class SMR info:
_java_thread_list=0x0000024aad1393e0, length=34, elements={
0x0000024a89298fd0, 0x0000024aa8463320, 0x0000024aa8465cd0, 0x0000024aa8480f50,
0x0000024aa84818f0, 0x0000024aa84826a0, 0x0000024aa8483650, 0x0000024aa8484320,
0x0000024aa8485110, 0x0000024aa84938b0, 0x0000024aa844c6a0, 0x0000024aaca067d0,
0x0000024aaca0c9c0, 0x0000024aadf2b3c0, 0x0000024aadce3120, 0x0000024aae33fd60,
0x0000024aae25e010, 0x0000024aae331a00, 0x0000024aadec96d0, 0x0000024aadecbd50,
0x0000024aadecb880, 0x0000024aadec8390, 0x0000024aadeca070, 0x0000024aadec8860,
0x0000024aadeca540, 0x0000024aadecaee0, 0x0000024aadecb3b0, 0x0000024aadec8d30,
0x0000024aadec9ba0, 0x0000024aadf9f070, 0x0000024aadfa1bc0, 0x0000024aadf9d860,
0x0000024aadf9c520, 0x0000024aadf9f540
}

Java Threads: ( => current thread )
  0x0000024a89298fd0 JavaThread "main" [_thread_blocked, id=105092, stack(0x0000007440300000,0x0000007440400000)]
  0x0000024aa8463320 JavaThread "Reference Handler" daemon [_thread_blocked, id=101400, stack(0x0000007440a00000,0x0000007440b00000)]
  0x0000024aa8465cd0 JavaThread "Finalizer" daemon [_thread_blocked, id=97608, stack(0x0000007440b00000,0x0000007440c00000)]
  0x0000024aa8480f50 JavaThread "Signal Dispatcher" daemon [_thread_blocked, id=81852, stack(0x0000007440c00000,0x0000007440d00000)]
  0x0000024aa84818f0 JavaThread "Attach Listener" daemon [_thread_blocked, id=102364, stack(0x0000007440d00000,0x0000007440e00000)]
  0x0000024aa84826a0 JavaThread "Service Thread" daemon [_thread_blocked, id=56152, stack(0x0000007440e00000,0x0000007440f00000)]
  0x0000024aa8483650 JavaThread "Monitor Deflation Thread" daemon [_thread_blocked, id=99428, stack(0x0000007440f00000,0x0000007441000000)]
  0x0000024aa8484320 JavaThread "C2 CompilerThread0" daemon [_thread_blocked, id=105436, stack(0x0000007441000000,0x0000007441100000)]
  0x0000024aa8485110 JavaThread "C1 CompilerThread0" daemon [_thread_blocked, id=106564, stack(0x0000007441100000,0x0000007441200000)]
  0x0000024aa84938b0 JavaThread "Sweeper thread" daemon [_thread_blocked, id=114584, stack(0x0000007441200000,0x0000007441300000)]
  0x0000024aa844c6a0 JavaThread "Common-Cleaner" daemon [_thread_blocked, id=111628, stack(0x0000007441300000,0x0000007441400000)]
  0x0000024aaca067d0 JavaThread "Monitor Ctrl-Break" daemon [_thread_in_native, id=88424, stack(0x0000007441400000,0x0000007441500000)]
  0x0000024aaca0c9c0 JavaThread "Notification Thread" daemon [_thread_blocked, id=111728, stack(0x0000007441500000,0x0000007441600000)]
  0x0000024aadf2b3c0 JavaThread "ForkJoinPool.commonPool-worker-1" daemon [_thread_blocked, id=113636, stack(0x0000007442400000,0x0000007442500000)]
  0x0000024aadce3120 JavaThread "AsyncHttpClient-1-1" daemon [_thread_blocked, id=96444, stack(0x0000007442700000,0x0000007442800000)]
  0x0000024aae33fd60 JavaThread "Exec Default Executor" daemon [_thread_in_native, id=88440, stack(0x0000007442800000,0x0000007442900000)]
  0x0000024aae25e010 JavaThread "Driver Service Executor" daemon [_thread_blocked, id=112680, stack(0x0000007442900000,0x0000007442a00000)]
  0x0000024aae331a00 JavaThread "Driver Service Executor" daemon [_thread_blocked, id=113724, stack(0x0000007442a00000,0x0000007442b00000)]
  0x0000024aadec96d0 JavaThread "UrlChecker-2" daemon [_thread_blocked, id=107584, stack(0x0000007442b00000,0x0000007442c00000)]
  0x0000024aadecbd50 JavaThread "Exec Stream Pumper" daemon [_thread_in_native, id=113392, stack(0x0000007442c00000,0x0000007442d00000)]
  0x0000024aadecb880 JavaThread "Exec Stream Pumper" daemon [_thread_in_native, id=103320, stack(0x0000007442d00000,0x0000007442e00000)]
  0x0000024aadec8390 JavaThread "Keep-Alive-Timer" daemon [_thread_blocked, id=114560, stack(0x0000007442e00000,0x0000007442f00000)]
  0x0000024aadeca070 JavaThread "AsyncHttpClient-1-2" daemon [_thread_in_native, id=59120, stack(0x0000007442f00000,0x0000007443000000)]
  0x0000024aadec8860 JavaThread "AsyncHttpClient-1-3" daemon [_thread_in_native, id=84156, stack(0x0000007443000000,0x0000007443100000)]
  0x0000024aadeca540 JavaThread "AsyncHttpClient-1-4" daemon [_thread_in_native, id=108744, stack(0x0000007443100000,0x0000007443200000)]
  0x0000024aadecaee0 JavaThread "AsyncHttpClient-1-5" daemon [_thread_in_native, id=102392, stack(0x0000007443200000,0x0000007443300000)]
  0x0000024aadecb3b0 JavaThread "Driver Service Executor" daemon [_thread_blocked, id=94576, stack(0x0000007443400000,0x0000007443500000)]
  0x0000024aadec8d30 JavaThread "Driver Service Executor" daemon [_thread_blocked, id=99608, stack(0x0000007443500000,0x0000007443600000)]
  0x0000024aadec9ba0 JavaThread "Driver Service Executor" daemon [_thread_blocked, id=97532, stack(0x0000007443600000,0x0000007443700000)]
  0x0000024aadf9f070 JavaThread "Driver Service Executor" daemon [_thread_blocked, id=77388, stack(0x0000007443700000,0x0000007443800000)]
  0x0000024aadfa1bc0 JavaThread "UrlChecker-3" daemon [_thread_blocked, id=101844, stack(0x0000007443800000,0x0000007443900000)]
  0x0000024aadf9d860 JavaThread "Driver Service Executor" daemon [_thread_blocked, id=85084, stack(0x0000007443900000,0x0000007443a00000)]
  0x0000024aadf9c520 JavaThread "Driver Service Executor" daemon [_thread_blocked, id=55700, stack(0x0000007443a00000,0x0000007443b00000)]
  0x0000024aadf9f540 JavaThread "UrlChecker-4" daemon [_thread_blocked, id=110724, stack(0x0000007443b00000,0x0000007443c00000)]

Other Threads:
  0x0000024a89311210 VMThread "VM Thread" [stack: 0x0000007440900000,0x0000007440a00000] [id=77700]
  0x0000024aaca84d20 WatcherThread "VM Periodic Task Thread" [stack: 0x0000007441600000,0x0000007441700000] [id=60664]
  0x0000024a892e8e10 WorkerThread "GC Thread#0" [stack: 0x0000007440400000,0x0000007440500000] [id=107960]
  0x0000024aad793790 WorkerThread "GC Thread#1" [stack: 0x0000007441700000,0x0000007441800000] [id=83508]
  0x0000024aad31fb10 WorkerThread "GC Thread#2" [stack: 0x0000007441800000,0x0000007441900000] [id=102832]
  0x0000024aad1fa700 WorkerThread "GC Thread#3" [stack: 0x0000007441900000,0x0000007441a00000] [id=101048]
  0x0000024aad20f810 WorkerThread "GC Thread#4" [stack: 0x0000007441a00000,0x0000007441b00000] [id=106408]
  0x0000024aad4c1430 WorkerThread "GC Thread#5" [stack: 0x0000007441b00000,0x0000007441c00000] [id=96540]
=>0x0000024aad78e5a0 WorkerThread "GC Thread#6" [stack: 0x0000007441c00000,0x0000007441d00000] [id=106740]
  0x0000024aad9aa570 WorkerThread "GC Thread#7" [stack: 0x0000007441d00000,0x0000007441e00000] [id=84212]
  0x0000024aada76740 WorkerThread "GC Thread#8" [stack: 0x0000007441e00000,0x0000007441f00000] [id=111040]
  0x0000024aada068d0 WorkerThread "GC Thread#9" [stack: 0x0000007441f00000,0x0000007442000000] [id=100680]
  0x0000024a892f7280 ConcurrentGCThread "G1 Main Marker" [stack: 0x0000007440500000,0x0000007440600000] [id=110852]
  0x0000024a892f92c0 WorkerThread "G1 Conc#0" [stack: 0x0000007440600000,0x0000007440700000] [id=105528]
  0x0000024aade35d40 WorkerThread "G1 Conc#1" [stack: 0x0000007442500000,0x0000007442600000] [id=114468]
  0x0000024aade35560 WorkerThread "G1 Conc#2" [stack: 0x0000007442600000,0x0000007442700000] [id=110128]
  0x0000024a893473c0 ConcurrentGCThread "G1 Refine#0" [stack: 0x0000007440700000,0x0000007440800000] [id=87584]
  0x0000024aad3c2710 ConcurrentGCThread "G1 Refine#1" [stack: 0x0000007442000000,0x0000007442100000] [id=103412]
  0x0000024aad3c29e0 ConcurrentGCThread "G1 Refine#2" [stack: 0x0000007442100000,0x0000007442200000] [id=44500]
  0x0000024aad3c3ac0 ConcurrentGCThread "G1 Refine#3" [stack: 0x0000007442200000,0x0000007442300000] [id=95784]
  0x0000024a89347b70 ConcurrentGCThread "G1 Service" [stack: 0x0000007440800000,0x0000007440900000] [id=112576]

Threads with active compile tasks:
C2 CompilerThread0     9012 3978       4       io.cucumber.cucumberexpressions.CucumberExpressionTokenizer$TokenIterator::next (245 bytes)

VM state: at safepoint (normal execution)

VM Mutex/Monitor currently owned by a thread:  ([mutex/lock_event])
[0x0000024a89291f00] FreeList_lock - owner thread: 0x0000024aad78e5a0
[0x0000024a89293cf0] Threads_lock - owner thread: 0x0000024a89311210
[0x0000024a89293d80] Heap_lock - owner thread: 0x0000024a89298fd0

Heap address: 0x00000000a2200000, size: 1502 MB, Compressed Oops mode: 32-bit

CDS archive(s) mapped at: [0x0000000800000000-0x0000000800ba0000-0x0000000800ba0000), size 12189696, SharedBaseAddress: 0x0000000800000000, ArchiveRelocationMode: 0.
Compressed class space mapped at: 0x0000000800c00000-0x0000000840c00000, reserved size: 1073741824
Narrow klass base: 0x0000000800000000, Narrow klass shift: 0, Narrow klass range: 0x100000000

GC Precious Log:
 CardTable entry size: 512
 Card Set container configuration: InlinePtr #cards 5 size 8 Array Of Cards #cards 12 size 40 Howl #buckets 4 coarsen threshold 1843 Howl Bitmap #cards 512 size 80 coarsen threshold 460 Card regions per heap region 1 cards per card region 2048
 CPUs: 12 total, 12 available
 Memory: 6005M
 Large Page Support: Disabled
 NUMA Support: Disabled
 Compressed Oops: Enabled (32-bit)
 Heap Region Size: 1M
 Heap Min Capacity: 8M
 Heap Initial Capacity: 94M
 Heap Max Capacity: 1502M
 Pre-touch: Disabled
 Parallel Workers: 10
 Concurrent Workers: 3
 Concurrent Refinement Workers: 10
 Periodic GC: Disabled

Heap:
 garbage-first heap   total 69632K, used 63879K [0x00000000a2200000, 0x0000000100000000)
  region size 1024K, 26 young (26624K), 2 survivors (2048K)
 Metaspace       used 31372K, committed 31680K, reserved 1114112K
  class space    used 3788K, committed 3968K, reserved 1048576K

Heap Regions: E=young(eden), S=young(survivor), O=old, HS=humongous(starts), HC=humongous(continues), CS=collection set, F=free, OA=open archive, CA=closed archive, TAMS=top-at-mark-start (previous, next)
|   0|0x00000000a2200000, 0x00000000a2300000, 0x00000000a2300000|100%| O|  |TAMS 0x00000000a2300000, 0x00000000a2300000| Untracked 
|   1|0x00000000a2300000, 0x00000000a2400000, 0x00000000a2400000|100%| O|  |TAMS 0x00000000a2400000, 0x00000000a2400000| Untracked 
|   2|0x00000000a2400000, 0x00000000a2500000, 0x00000000a2500000|100%| O|  |TAMS 0x00000000a2500000, 0x00000000a2500000| Untracked 
|   3|0x00000000a2500000, 0x00000000a2600000, 0x00000000a2600000|100%| O|  |TAMS 0x00000000a2600000, 0x00000000a2600000| Untracked 
|   4|0x00000000a2600000, 0x00000000a2700000, 0x00000000a2700000|100%| O|  |TAMS 0x00000000a2700000, 0x00000000a2700000| Untracked 
|   5|0x00000000a2700000, 0x00000000a2800000, 0x00000000a2800000|100%| O|  |TAMS 0x00000000a2800000, 0x00000000a2800000| Untracked 
|   6|0x00000000a2800000, 0x00000000a2900000, 0x00000000a2900000|100%| O|  |TAMS 0x00000000a2900000, 0x00000000a2900000| Untracked 
|   7|0x00000000a2900000, 0x00000000a2a00000, 0x00000000a2a00000|100%| O|  |TAMS 0x00000000a2a00000, 0x00000000a2a00000| Untracked 
|   8|0x00000000a2a00000, 0x00000000a2b00000, 0x00000000a2b00000|100%| O|  |TAMS 0x00000000a2b00000, 0x00000000a2b00000| Untracked 
|   9|0x00000000a2b00000, 0x00000000a2c00000, 0x00000000a2c00000|100%| O|  |TAMS 0x00000000a2c00000, 0x00000000a2c00000| Untracked 
|  10|0x00000000a2c00000, 0x00000000a2d00000, 0x00000000a2d00000|100%| O|  |TAMS 0x00000000a2d00000, 0x00000000a2d00000| Untracked 
|  11|0x00000000a2d00000, 0x00000000a2e00000, 0x00000000a2e00000|100%| O|  |TAMS 0x00000000a2e00000, 0x00000000a2e00000| Untracked 
|  12|0x00000000a2e00000, 0x00000000a2f00000, 0x00000000a2f00000|100%| O|  |TAMS 0x00000000a2e00000, 0x00000000a2f00000| Untracked 
|  13|0x00000000a2f00000, 0x00000000a3000000, 0x00000000a3000000|100%| O|  |TAMS 0x00000000a2f00000, 0x00000000a3000000| Untracked 
|  14|0x00000000a3000000, 0x00000000a3100000, 0x00000000a3100000|100%| O|  |TAMS 0x00000000a3000000, 0x00000000a3100000| Untracked 
|  15|0x00000000a3100000, 0x00000000a3200000, 0x00000000a3200000|100%| O|  |TAMS 0x00000000a3100000, 0x00000000a3200000| Untracked 
|  16|0x00000000a3200000, 0x00000000a3300000, 0x00000000a3300000|100%| O|  |TAMS 0x00000000a3200000, 0x00000000a3300000| Untracked 
|  17|0x00000000a3300000, 0x00000000a33fee00, 0x00000000a3400000| 99%| O|  |TAMS 0x00000000a3300000, 0x00000000a33fee00| Untracked 
|  18|0x00000000a3400000, 0x00000000a3500000, 0x00000000a3500000|100%|HS|  |TAMS 0x00000000a3400000, 0x00000000a3400000| Complete 
|  19|0x00000000a3500000, 0x00000000a3600000, 0x00000000a3600000|100%|HC|  |TAMS 0x00000000a3500000, 0x00000000a3500000| Complete 
|  20|0x00000000a3600000, 0x00000000a3700000, 0x00000000a3700000|100%|HC|  |TAMS 0x00000000a3600000, 0x00000000a3600000| Complete 
|  21|0x00000000a3700000, 0x00000000a3800000, 0x00000000a3800000|100%|HC|  |TAMS 0x00000000a3700000, 0x00000000a3700000| Complete 
|  22|0x00000000a3800000, 0x00000000a3900000, 0x00000000a3900000|100%|HC|  |TAMS 0x00000000a3800000, 0x00000000a3800000| Complete 
|  23|0x00000000a3900000, 0x00000000a3a00000, 0x00000000a3a00000|100%|HC|  |TAMS 0x00000000a3900000, 0x00000000a3900000| Complete 
|  24|0x00000000a3a00000, 0x00000000a3b00000, 0x00000000a3b00000|100%|HC|  |TAMS 0x00000000a3a00000, 0x00000000a3a00000| Complete 
|  25|0x00000000a3b00000, 0x00000000a3c00000, 0x00000000a3c00000|100%|HC|  |TAMS 0x00000000a3b00000, 0x00000000a3b00000| Complete 
|  26|0x00000000a3c00000, 0x00000000a3d00000, 0x00000000a3d00000|100%|HC|  |TAMS 0x00000000a3c00000, 0x00000000a3c00000| Complete 
|  27|0x00000000a3d00000, 0x00000000a3e00000, 0x00000000a3e00000|100%|HC|  |TAMS 0x00000000a3d00000, 0x00000000a3d00000| Complete 
|  28|0x00000000a3e00000, 0x00000000a3f00000, 0x00000000a3f00000|100%|HC|  |TAMS 0x00000000a3e00000, 0x00000000a3e00000| Complete 
|  29|0x00000000a3f00000, 0x00000000a4000000, 0x00000000a4000000|100%|HC|  |TAMS 0x00000000a3f00000, 0x00000000a3f00000| Complete 
|  30|0x00000000a4000000, 0x00000000a4100000, 0x00000000a4100000|100%|HC|  |TAMS 0x00000000a4000000, 0x00000000a4000000| Complete 
|  31|0x00000000a4100000, 0x00000000a4200000, 0x00000000a4200000|100%|HC|  |TAMS 0x00000000a4100000, 0x00000000a4100000| Complete 
|  32|0x00000000a4200000, 0x00000000a4300000, 0x00000000a4300000|100%|HC|  |TAMS 0x00000000a4200000, 0x00000000a4200000| Complete 
|  33|0x00000000a4300000, 0x00000000a4400000, 0x00000000a4400000|100%|HC|  |TAMS 0x00000000a4300000, 0x00000000a4300000| Complete 
|  34|0x00000000a4400000, 0x00000000a4500000, 0x00000000a4500000|100%|HC|  |TAMS 0x00000000a4400000, 0x00000000a4400000| Complete 
|  35|0x00000000a4500000, 0x00000000a45630d0, 0x00000000a4600000| 38%| E|CS|TAMS 0x00000000a4500000, 0x00000000a4500000| Complete 
|  36|0x00000000a4600000, 0x00000000a4700000, 0x00000000a4700000|100%| E|CS|TAMS 0x00000000a4600000, 0x00000000a4600000| Complete 
|  37|0x00000000a4700000, 0x00000000a4800000, 0x00000000a4800000|100%| E|CS|TAMS 0x00000000a4700000, 0x00000000a4700000| Complete 
|  38|0x00000000a4800000, 0x00000000a4900000, 0x00000000a4900000|100%| E|CS|TAMS 0x00000000a4800000, 0x00000000a4800000| Complete 
|  39|0x00000000a4900000, 0x00000000a4a00000, 0x00000000a4a00000|100%| O|  |TAMS 0x00000000a4900000, 0x00000000a4900000| Untracked 
|  40|0x00000000a4a00000, 0x00000000a4b00000, 0x00000000a4b00000|100%| O|  |TAMS 0x00000000a4a00000, 0x00000000a4a00000| Untracked 
|  41|0x00000000a4b00000, 0x00000000a4c00000, 0x00000000a4c00000|100%| O|  |TAMS 0x00000000a4b00000, 0x00000000a4b00000| Untracked 
|  42|0x00000000a4c00000, 0x00000000a4d00000, 0x00000000a4d00000|100%| S|  |TAMS 0x00000000a4c00000, 0x00000000a4c00000| Complete 
|  43|0x00000000a4d00000, 0x00000000a4e00000, 0x00000000a4e00000|100%| E|CS|TAMS 0x00000000a4d00000, 0x00000000a4d00000| Complete 
|  44|0x00000000a4e00000, 0x00000000a4f00000, 0x00000000a4f00000|100%| E|CS|TAMS 0x00000000a4e00000, 0x00000000a4e00000| Complete 
|  45|0x00000000a4f00000, 0x00000000a5000000, 0x00000000a5000000|100%| E|CS|TAMS 0x00000000a4f00000, 0x00000000a4f00000| Complete 
|  46|0x00000000a5000000, 0x00000000a5100000, 0x00000000a5100000|100%| E|CS|TAMS 0x00000000a5000000, 0x00000000a5000000| Complete 
|  47|0x00000000a5100000, 0x00000000a5200000, 0x00000000a5200000|100%| E|CS|TAMS 0x00000000a5100000, 0x00000000a5100000| Complete 
|  48|0x00000000a5200000, 0x00000000a5300000, 0x00000000a5300000|100%| E|CS|TAMS 0x00000000a5200000, 0x00000000a5200000| Complete 
|  49|0x00000000a5300000, 0x00000000a5400000, 0x00000000a5400000|100%| E|CS|TAMS 0x00000000a5300000, 0x00000000a5300000| Complete 
|  50|0x00000000a5400000, 0x00000000a5500000, 0x00000000a5500000|100%| E|CS|TAMS 0x00000000a5400000, 0x00000000a5400000| Complete 
|  51|0x00000000a5500000, 0x00000000a5600000, 0x00000000a5600000|100%| E|CS|TAMS 0x00000000a5500000, 0x00000000a5500000| Complete 
|  52|0x00000000a5600000, 0x00000000a5700000, 0x00000000a5700000|100%| E|CS|TAMS 0x00000000a5600000, 0x00000000a5600000| Complete 
|  53|0x00000000a5700000, 0x00000000a5800000, 0x00000000a5800000|100%| E|CS|TAMS 0x00000000a5700000, 0x00000000a5700000| Complete 
|  54|0x00000000a5800000, 0x00000000a5900000, 0x00000000a5900000|100%| E|CS|TAMS 0x00000000a5800000, 0x00000000a5800000| Complete 
|  55|0x00000000a5900000, 0x00000000a5a00000, 0x00000000a5a00000|100%| E|CS|TAMS 0x00000000a5900000, 0x00000000a5900000| Complete 
|  56|0x00000000a5a00000, 0x00000000a5b00000, 0x00000000a5b00000|100%| E|CS|TAMS 0x00000000a5a00000, 0x00000000a5a00000| Complete 
|  57|0x00000000a5b00000, 0x00000000a5c00000, 0x00000000a5c00000|100%| E|CS|TAMS 0x00000000a5b00000, 0x00000000a5b00000| Complete 
|  58|0x00000000a5c00000, 0x00000000a5d00000, 0x00000000a5d00000|100%| E|CS|TAMS 0x00000000a5c00000, 0x00000000a5c00000| Complete 
|  59|0x00000000a5d00000, 0x00000000a5e00000, 0x00000000a5e00000|100%| E|CS|TAMS 0x00000000a5d00000, 0x00000000a5d00000| Complete 
|  60|0x00000000a5e00000, 0x00000000a5f00000, 0x00000000a5f00000|100%| E|CS|TAMS 0x00000000a5e00000, 0x00000000a5e00000| Complete 
|  61|0x00000000a5f00000, 0x00000000a6000000, 0x00000000a6000000|100%| E|CS|TAMS 0x00000000a5f00000, 0x00000000a5f00000| Complete 
|  62|0x00000000a6000000, 0x00000000a6100000, 0x00000000a6100000|100%| E|CS|TAMS 0x00000000a6000000, 0x00000000a6000000| Complete 
|  63|0x00000000a6100000, 0x00000000a6200000, 0x00000000a6200000|100%| E|CS|TAMS 0x00000000a6100000, 0x00000000a6100000| Complete 
|  64|0x00000000a6200000, 0x00000000a6300000, 0x00000000a6300000|100%| E|CS|TAMS 0x00000000a6200000, 0x00000000a6200000| Complete 
|  65|0x00000000a6300000, 0x00000000a634c9c8, 0x00000000a6400000| 29%| S|  |TAMS 0x00000000a6300000, 0x00000000a6300000| Complete 
|  81|0x00000000a7300000, 0x00000000a7400000, 0x00000000a7400000|100%| E|CS|TAMS 0x00000000a7300000, 0x00000000a7300000| Complete 
|  93|0x00000000a7f00000, 0x00000000a8000000, 0x00000000a8000000|100%| E|CS|TAMS 0x00000000a7f00000, 0x00000000a7f00000| Complete 

Card table byte_map: [0x0000024aa2320000,0x0000024aa2610000] _byte_map_base: 0x0000024aa1e0f000

Marking Bits (Prev, Next): (CMBitMap*) 0x0000024a892ea460, (CMBitMap*) 0x0000024a892ea420
 Prev Bits: [0x0000024aa4080000, 0x0000024aa57f8000)
 Next Bits: [0x0000024aa2900000, 0x0000024aa4078000)

Polling page: 0x0000024a89350000

Metaspace:

Usage:
  Non-class:     26.94 MB used.
      Class:      3.70 MB used.
       Both:     30.64 MB used.

Virtual space:
  Non-class space:       64.00 MB reserved,      27.06 MB ( 42%) committed,  1 nodes.
      Class space:        1.00 GB reserved,       3.88 MB ( <1%) committed,  1 nodes.
             Both:        1.06 GB reserved,      30.94 MB (  3%) committed. 

Chunk freelists:
   Non-Class:  256.00 KB
       Class:  112.00 KB
        Both:  368.00 KB

MaxMetaspaceSize: unlimited
CompressedClassSpaceSize: 1.00 GB
Initial GC threshold: 21.00 MB
Current GC threshold: 35.12 MB
CDS: on
MetaspaceReclaimPolicy: balanced
 - commit_granule_bytes: 65536.
 - commit_granule_words: 8192.
 - virtual_space_node_default_size: 8388608.
 - enlarge_chunks_in_place: 1.
 - new_chunks_are_fully_committed: 0.
 - uncommit_free_chunks: 1.
 - use_allocation_guard: 0.


Internal statistics:

num_allocs_failed_limit: 3.
num_arena_births: 262.
num_arena_deaths: 0.
num_vsnodes_births: 2.
num_vsnodes_deaths: 0.
num_space_committed: 495.
num_space_uncommitted: 0.
num_chunks_returned_to_freelist: 3.
num_chunks_taken_from_freelist: 1067.
num_chunk_merges: 3.
num_chunk_splits: 763.
num_chunks_enlarged: 631.
num_inconsistent_stats: 0.

CodeHeap 'non-profiled nmethods': size=120000Kb used=1735Kb max_used=1735Kb free=118264Kb
 bounds [0x0000024a99e70000, 0x0000024a9a0e0000, 0x0000024aa13a0000]
CodeHeap 'profiled nmethods': size=120000Kb used=8239Kb max_used=8239Kb free=111760Kb
 bounds [0x0000024a92940000, 0x0000024a93150000, 0x0000024a99e70000]
CodeHeap 'non-nmethods': size=5760Kb used=1305Kb max_used=1336Kb free=4454Kb
 bounds [0x0000024a923a0000, 0x0000024a92610000, 0x0000024a92940000]
 total_blobs=4598 nmethods=3986 adapters=523
 compilation: enabled
              stopped_count=0, restarted_count=0
 full_count=0

Compilation events (20 events):
Event: 8.966 Thread 0x0000024aa8485110 3988       3       io.cucumber.core.runner.CachingGlue$$Lambda$284/0x0000000800d67030::accept (16 bytes)
Event: 8.966 Thread 0x0000024aa8485110 nmethod 3988 0x0000024a93141c10 code [0x0000024a93141dc0, 0x0000024a93142028]
Event: 8.966 Thread 0x0000024aa8485110 3989       3       io.cucumber.core.runner.CachingGlue::lambda$prepareGlue$3 (89 bytes)
Event: 8.966 Thread 0x0000024aa8485110 nmethod 3989 0x0000024a93142110 code [0x0000024a93142360, 0x0000024a93142c48]
Event: 8.966 Thread 0x0000024aa8485110 3990       3       io.cucumber.core.stepexpression.StepExpressionFactory::createExpression (83 bytes)
Event: 8.967 Thread 0x0000024aa8485110 nmethod 3990 0x0000024a93142f90 code [0x0000024a93143320, 0x0000024a93144b78]
Event: 8.967 Thread 0x0000024aa8485110 3991       3       io.cucumber.core.stepexpression.StepExpressionFactory::createExpression (54 bytes)
Event: 8.968 Thread 0x0000024aa8485110 nmethod 3991 0x0000024a93145310 code [0x0000024a931455e0, 0x0000024a93146818]
Event: 8.968 Thread 0x0000024aa8485110 3992   !   3       io.cucumber.core.stepexpression.StepExpressionFactory::crateExpression (46 bytes)
Event: 8.969 Thread 0x0000024aa8485110 nmethod 3992 0x0000024a93146e10 code [0x0000024a93147060, 0x0000024a93147908]
Event: 8.969 Thread 0x0000024aa8485110 3993       3       io.cucumber.cucumberexpressions.ExpressionFactory::createExpression (80 bytes)
Event: 8.969 Thread 0x0000024aa8485110 nmethod 3993 0x0000024a93147d10 code [0x0000024a93147f80, 0x0000024a93148608]
Event: 8.969 Thread 0x0000024aa8485110 3994       3       io.cucumber.cucumberexpressions.CucumberExpression::<init> (62 bytes)
Event: 8.969 Thread 0x0000024aa8485110 nmethod 3994 0x0000024a93148910 code [0x0000024a93148be0, 0x0000024a93149ba8]
Event: 8.970 Thread 0x0000024aa8485110 3995       3       io.cucumber.cucumberexpressions.CucumberExpressionParser::<init> (5 bytes)
Event: 8.970 Thread 0x0000024aa8485110 nmethod 3995 0x0000024a9314a190 code [0x0000024a9314a320, 0x0000024a9314a478]
Event: 8.970 Thread 0x0000024aa8485110 3996       3       io.cucumber.cucumberexpressions.CucumberExpressionParser::parse (42 bytes)
Event: 8.970 Thread 0x0000024aa8485110 nmethod 3996 0x0000024a9314a510 code [0x0000024a9314a800, 0x0000024a9314b9a8]
Event: 8.971 Thread 0x0000024aa8485110 3999       1       io.cucumber.java.JavaParameterInfo::getType (5 bytes)
Event: 8.972 Thread 0x0000024aa8485110 nmethod 3999 0x0000024a9a021b10 code [0x0000024a9a021ca0, 0x0000024a9a021d78]

GC Heap History (11 events):
Event: 1.267 GC heap before
{Heap before GC invocations=0 (full 0):
 garbage-first heap   total 96256K, used 22528K [0x00000000a2200000, 0x0000000100000000)
  region size 1024K, 23 young (23552K), 0 survivors (0K)
 Metaspace       used 4210K, committed 4416K, reserved 1114112K
  class space    used 483K, committed 576K, reserved 1048576K
}
Event: 1.275 GC heap after
{Heap after GC invocations=1 (full 0):
 garbage-first heap   total 96256K, used 8472K [0x00000000a2200000, 0x0000000100000000)
  region size 1024K, 3 young (3072K), 3 survivors (3072K)
 Metaspace       used 4210K, committed 4416K, reserved 1114112K
  class space    used 483K, committed 576K, reserved 1048576K
}
Event: 1.764 GC heap before
{Heap before GC invocations=1 (full 0):
 garbage-first heap   total 96256K, used 33048K [0x00000000a2200000, 0x0000000100000000)
  region size 1024K, 27 young (27648K), 3 survivors (3072K)
 Metaspace       used 8411K, committed 8576K, reserved 1114112K
  class space    used 884K, committed 960K, reserved 1048576K
}
Event: 1.771 GC heap after
{Heap after GC invocations=2 (full 0):
 garbage-first heap   total 96256K, used 10699K [0x00000000a2200000, 0x0000000100000000)
  region size 1024K, 3 young (3072K), 3 survivors (3072K)
 Metaspace       used 8411K, committed 8576K, reserved 1114112K
  class space    used 884K, committed 960K, reserved 1048576K
}
Event: 2.834 GC heap before
{Heap before GC invocations=2 (full 0):
 garbage-first heap   total 96256K, used 55755K [0x00000000a2200000, 0x0000000100000000)
  region size 1024K, 48 young (49152K), 3 survivors (3072K)
 Metaspace       used 16513K, committed 16832K, reserved 1114112K
  class space    used 1803K, committed 1984K, reserved 1048576K
}
Event: 2.849 GC heap after
{Heap after GC invocations=3 (full 0):
 garbage-first heap   total 96256K, used 18432K [0x00000000a2200000, 0x0000000100000000)
  region size 1024K, 6 young (6144K), 6 survivors (6144K)
 Metaspace       used 16513K, committed 16832K, reserved 1114112K
  class space    used 1803K, committed 1984K, reserved 1048576K
}
Event: 4.479 GC heap before
{Heap before GC invocations=3 (full 0):
 garbage-first heap   total 96256K, used 29696K [0x00000000a2200000, 0x0000000100000000)
  region size 1024K, 18 young (18432K), 6 survivors (6144K)
 Metaspace       used 21246K, committed 21504K, reserved 1114112K
  class space    used 2409K, committed 2560K, reserved 1048576K
}
Event: 4.492 GC heap after
{Heap after GC invocations=4 (full 0):
 garbage-first heap   total 96256K, used 19451K [0x00000000a2200000, 0x0000000100000000)
  region size 1024K, 1 young (1024K), 1 survivors (1024K)
 Metaspace       used 21246K, committed 21504K, reserved 1114112K
  class space    used 2409K, committed 2560K, reserved 1048576K
}
Event: 5.530 GC heap before
{Heap before GC invocations=5 (full 0):
 garbage-first heap   total 68608K, used 46075K [0x00000000a2200000, 0x0000000100000000)
  region size 1024K, 28 young (28672K), 1 survivors (1024K)
 Metaspace       used 29680K, committed 30016K, reserved 1114112K
  class space    used 3556K, committed 3712K, reserved 1048576K
}
Event: 5.536 GC heap after
{Heap after GC invocations=6 (full 0):
 garbage-first heap   total 68608K, used 21895K [0x00000000a2200000, 0x0000000100000000)
  region size 1024K, 4 young (4096K), 4 survivors (4096K)
 Metaspace       used 29680K, committed 30016K, reserved 1114112K
  class space    used 3556K, committed 3712K, reserved 1048576K
}
Event: 8.973 GC heap before
{Heap before GC invocations=6 (full 0):
 garbage-first heap   total 68608K, used 63879K [0x00000000a2200000, 0x0000000100000000)
  region size 1024K, 28 young (28672K), 4 survivors (4096K)
 Metaspace       used 31372K, committed 31680K, reserved 1114112K
  class space    used 3788K, committed 3968K, reserved 1048576K
}

Deoptimization events (20 events):
Event: 8.670 Thread 0x0000024a89298fd0 DEOPT PACKING pc=0x0000024a92d56183 sp=0x00000074403fc770
Event: 8.670 Thread 0x0000024a89298fd0 DEOPT UNPACKING pc=0x0000024a923f2b43 sp=0x00000074403fbbe0 mode 0
Event: 8.678 Thread 0x0000024a89298fd0 Uncommon trap: trap_request=0xffffff45 fr.pc=0x0000024a99f0f11c relative=0x00000000000000fc
Event: 8.678 Thread 0x0000024a89298fd0 Uncommon trap: reason=unstable_if action=reinterpret pc=0x0000024a99f0f11c method=com.intellij.rt.execution.junit.MapSerializerUtil$1.escape(C)C @ 1 c2
Event: 8.678 Thread 0x0000024a89298fd0 DEOPT PACKING pc=0x0000024a99f0f11c sp=0x00000074403fd730
Event: 8.678 Thread 0x0000024a89298fd0 DEOPT UNPACKING pc=0x0000024a923f23a3 sp=0x00000074403fd6c0 mode 2
Event: 8.720 Thread 0x0000024a89298fd0 Uncommon trap: trap_request=0xffffffde fr.pc=0x0000024a99f184d8 relative=0x00000000000000b8
Event: 8.720 Thread 0x0000024a89298fd0 Uncommon trap: reason=class_check action=maybe_recompile pc=0x0000024a99f184d8 method=java.lang.Character.toLowerCase(I)I @ 5 c2
Event: 8.720 Thread 0x0000024a89298fd0 DEOPT PACKING pc=0x0000024a99f184d8 sp=0x00000074403fdb20
Event: 8.720 Thread 0x0000024a89298fd0 DEOPT UNPACKING pc=0x0000024a923f23a3 sp=0x00000074403fdab8 mode 2
Event: 8.963 Thread 0x0000024a89298fd0 DEOPT PACKING pc=0x0000024a92ed6efe sp=0x00000074403fd8f0
Event: 8.963 Thread 0x0000024a89298fd0 DEOPT UNPACKING pc=0x0000024a923f2b43 sp=0x00000074403fcd48 mode 0
Event: 8.965 Thread 0x0000024a89298fd0 DEOPT PACKING pc=0x0000024a92ed6e26 sp=0x00000074403fd7d0
Event: 8.965 Thread 0x0000024a89298fd0 DEOPT UNPACKING pc=0x0000024a923f2b43 sp=0x00000074403fcc28 mode 0
Event: 8.967 Thread 0x0000024a89298fd0 DEOPT PACKING pc=0x0000024a92ed6e26 sp=0x00000074403fd920
Event: 8.967 Thread 0x0000024a89298fd0 DEOPT UNPACKING pc=0x0000024a923f2b43 sp=0x00000074403fcd78 mode 0
Event: 8.969 Thread 0x0000024a89298fd0 DEOPT PACKING pc=0x0000024a92ed6e26 sp=0x00000074403fd820
Event: 8.969 Thread 0x0000024a89298fd0 DEOPT UNPACKING pc=0x0000024a923f2b43 sp=0x00000074403fcc78 mode 0
Event: 8.972 Thread 0x0000024a89298fd0 DEOPT PACKING pc=0x0000024a92ed6efe sp=0x00000074403fd800
Event: 8.972 Thread 0x0000024a89298fd0 DEOPT UNPACKING pc=0x0000024a923f2b43 sp=0x00000074403fcc58 mode 0

Classes loaded (20 events):
Event: 8.482 Loading class java/lang/Throwable$WrappedPrintStream
Event: 8.482 Loading class java/lang/Throwable$WrappedPrintStream done
Event: 8.688 Loading class java/text/DecimalFormat$FastPathData
Event: 8.688 Loading class java/text/DecimalFormat$FastPathData done
Event: 8.688 Loading class java/text/DecimalFormat$DigitArrays
Event: 8.688 Loading class java/text/DecimalFormat$DigitArrays done
Event: 8.690 Loading class com/sun/org/apache/xerces/internal/dom/CDATASectionImpl
Event: 8.690 Loading class org/w3c/dom/CDATASection
Event: 8.690 Loading class org/w3c/dom/Text
Event: 8.690 Loading class org/w3c/dom/CharacterData
Event: 8.690 Loading class org/w3c/dom/CharacterData done
Event: 8.690 Loading class org/w3c/dom/Text done
Event: 8.690 Loading class org/w3c/dom/CDATASection done
Event: 8.690 Loading class com/sun/org/apache/xerces/internal/dom/TextImpl
Event: 8.690 Loading class com/sun/org/apache/xerces/internal/dom/CharacterDataImpl
Event: 8.691 Loading class com/sun/org/apache/xerces/internal/dom/CharacterDataImpl done
Event: 8.691 Loading class com/sun/org/apache/xerces/internal/dom/TextImpl done
Event: 8.691 Loading class com/sun/org/apache/xerces/internal/dom/CDATASectionImpl done
Event: 8.691 Loading class com/sun/org/apache/xerces/internal/dom/CharacterDataImpl$1
Event: 8.691 Loading class com/sun/org/apache/xerces/internal/dom/CharacterDataImpl$1 done

Classes unloaded (0 events):
No events

Classes redefined (0 events):
No events

Internal exceptions (20 events):
Event: 8.776 Thread 0x0000024aadfa1bc0 Exception <a 'java/net/SocketException'{0x00000000a5334710}: Socket is not connected: shutdown> (0x00000000a5334710) 
thrown [s\open\src\hotspot\share\prims\jni.cpp, line 535]
Event: 8.807 Thread 0x0000024aadfa1bc0 Exception <a 'java/net/ConnectException'{0x00000000a5335758}: Connection refused: no further information> (0x00000000a5335758) 
thrown [s\open\src\hotspot\share\prims\jni.cpp, line 535]
Event: 8.807 Thread 0x0000024aadfa1bc0 Exception <a 'java/net/SocketException'{0x00000000a5335a90}: Socket is not connected: shutdown> (0x00000000a5335a90) 
thrown [s\open\src\hotspot\share\prims\jni.cpp, line 535]
Event: 8.823 Thread 0x0000024a89298fd0 Exception <a 'java/lang/NullPointerException'{0x00000000a54efc40}> (0x00000000a54efc40) 
thrown [s\open\src\hotspot\share\interpreter\linkResolver.cpp, line 1350]
Event: 8.851 Thread 0x0000024a89298fd0 Exception <a 'java/net/SocketException'{0x00000000a501ee10}: Socket is not connected: shutdown> (0x00000000a501ee10) 
thrown [s\open\src\hotspot\share\prims\jni.cpp, line 535]
Event: 8.854 Thread 0x0000024aadfa1bc0 Exception <a 'java/net/ConnectException'{0x00000000a5336ad8}: Connection refused: no further information> (0x00000000a5336ad8) 
thrown [s\open\src\hotspot\share\prims\jni.cpp, line 535]
Event: 8.854 Thread 0x0000024aadfa1bc0 Exception <a 'java/net/SocketException'{0x00000000a5336e10}: Socket is not connected: shutdown> (0x00000000a5336e10) 
thrown [s\open\src\hotspot\share\prims\jni.cpp, line 535]
Event: 8.857 Thread 0x0000024aadf9f540 Exception <a 'java/net/ConnectException'{0x00000000a50b28d0}: Connection refused: no further information> (0x00000000a50b28d0) 
thrown [s\open\src\hotspot\share\prims\jni.cpp, line 535]
Event: 8.857 Thread 0x0000024aadf9f540 Exception <a 'java/net/SocketException'{0x00000000a50b2c08}: Socket is not connected: shutdown> (0x00000000a50b2c08) 
thrown [s\open\src\hotspot\share\prims\jni.cpp, line 535]
Event: 8.870 Thread 0x0000024aadf9f540 Exception <a 'java/net/ConnectException'{0x00000000a50b3c50}: Connection refused: no further information> (0x00000000a50b3c50) 
thrown [s\open\src\hotspot\share\prims\jni.cpp, line 535]
Event: 8.870 Thread 0x0000024aadf9f540 Exception <a 'java/net/SocketException'{0x00000000a50b3f88}: Socket is not connected: shutdown> (0x00000000a50b3f88) 
thrown [s\open\src\hotspot\share\prims\jni.cpp, line 535]
Event: 8.901 Thread 0x0000024aadf9f540 Exception <a 'java/net/ConnectException'{0x00000000a50b4fd0}: Connection refused: no further information> (0x00000000a50b4fd0) 
thrown [s\open\src\hotspot\share\prims\jni.cpp, line 535]
Event: 8.901 Thread 0x0000024aadec96d0 Exception <a 'java/net/ConnectException'{0x00000000a5b38eb8}: Connection refused: no further information> (0x00000000a5b38eb8) 
thrown [s\open\src\hotspot\share\prims\jni.cpp, line 535]
Event: 8.901 Thread 0x0000024aadf9f540 Exception <a 'java/net/SocketException'{0x00000000a50b5308}: Socket is not connected: shutdown> (0x00000000a50b5308) 
thrown [s\open\src\hotspot\share\prims\jni.cpp, line 535]
Event: 8.901 Thread 0x0000024aadec96d0 Exception <a 'java/net/SocketException'{0x00000000a5b391f0}: Socket is not connected: shutdown> (0x00000000a5b391f0) 
thrown [s\open\src\hotspot\share\prims\jni.cpp, line 535]
Event: 8.917 Thread 0x0000024a89298fd0 Exception <a 'java/lang/NullPointerException'{0x00000000a5039eb8}> (0x00000000a5039eb8) 
thrown [s\open\src\hotspot\share\interpreter\linkResolver.cpp, line 1350]
Event: 8.950 Thread 0x0000024aadfa1bc0 Exception <a 'java/net/ConnectException'{0x00000000a5337e58}: Connection refused: no further information> (0x00000000a5337e58) 
thrown [s\open\src\hotspot\share\prims\jni.cpp, line 535]
Event: 8.950 Thread 0x0000024aadf9f540 Exception <a 'java/net/ConnectException'{0x00000000a50b6350}: Connection refused: no further information> (0x00000000a50b6350) 
thrown [s\open\src\hotspot\share\prims\jni.cpp, line 535]
Event: 8.950 Thread 0x0000024aadf9f540 Exception <a 'java/net/SocketException'{0x00000000a50b6688}: Socket is not connected: shutdown> (0x00000000a50b6688) 
thrown [s\open\src\hotspot\share\prims\jni.cpp, line 535]
Event: 8.950 Thread 0x0000024aadfa1bc0 Exception <a 'java/net/SocketException'{0x00000000a5338190}: Socket is not connected: shutdown> (0x00000000a5338190) 
thrown [s\open\src\hotspot\share\prims\jni.cpp, line 535]

VM Operations (20 events):
Event: 4.503 Executing VM operation: G1Concurrent done
Event: 4.505 Executing VM operation: G1Concurrent
Event: 4.506 Executing VM operation: G1Concurrent done
Event: 5.153 Executing VM operation: HandshakeAllThreads
Event: 5.153 Executing VM operation: HandshakeAllThreads done
Event: 5.155 Executing VM operation: HandshakeAllThreads
Event: 5.155 Executing VM operation: HandshakeAllThreads done
Event: 5.261 Executing VM operation: HandshakeAllThreads
Event: 5.261 Executing VM operation: HandshakeAllThreads done
Event: 5.530 Executing VM operation: G1TryInitiateConcMark
Event: 5.536 Executing VM operation: G1TryInitiateConcMark done
Event: 6.546 Executing VM operation: Cleanup
Event: 6.546 Executing VM operation: Cleanup done
Event: 7.564 Executing VM operation: Cleanup
Event: 7.564 Executing VM operation: Cleanup done
Event: 8.572 Executing VM operation: Cleanup
Event: 8.572 Executing VM operation: Cleanup done
Event: 8.709 Executing VM operation: HandshakeAllThreads
Event: 8.709 Executing VM operation: HandshakeAllThreads done
Event: 8.973 Executing VM operation: G1CollectForAllocation

Events (20 events):
Event: 8.623 Thread 0x0000024aae13f110 Thread exited: 0x0000024aae13f110
Event: 8.624 Thread 0x0000024aadec9200 Thread exited: 0x0000024aadec9200
Event: 8.758 Thread 0x0000024aadec9200 Thread added: 0x0000024aadec9200
Event: 8.759 Thread 0x0000024aadec9ba0 Thread added: 0x0000024aadec9ba0
Event: 8.759 Thread 0x0000024aadf9f070 Thread added: 0x0000024aadf9f070
Event: 8.759 Thread 0x0000024aadfa1bc0 Thread added: 0x0000024aadfa1bc0
Event: 8.766 Thread 0x0000024aadfa2560 Thread added: 0x0000024aadfa2560
Event: 8.766 Thread 0x0000024aadf9f540 Thread added: 0x0000024aadf9f540
Event: 8.800 Thread 0x0000024aadfa2560 Thread exited: 0x0000024aadfa2560
Event: 8.800 Thread 0x0000024aadf9f540 Thread exited: 0x0000024aadf9f540
Event: 8.801 Thread 0x0000024aadec9200 Thread exited: 0x0000024aadec9200
Event: 8.856 Thread 0x0000024aadfa2a30 Thread added: 0x0000024aadfa2a30
Event: 8.856 Thread 0x0000024aadf9d860 Thread added: 0x0000024aadf9d860
Event: 8.856 Thread 0x0000024aadf9c520 Thread added: 0x0000024aadf9c520
Event: 8.856 Thread 0x0000024aadf9f540 Thread added: 0x0000024aadf9f540
Event: 8.863 Thread 0x0000024aadfa0d50 Thread added: 0x0000024aadfa0d50
Event: 8.863 Thread 0x0000024aadfa2f00 Thread added: 0x0000024aadfa2f00
Event: 8.893 Thread 0x0000024aadfa2f00 Thread exited: 0x0000024aadfa2f00
Event: 8.893 Thread 0x0000024aadfa0d50 Thread exited: 0x0000024aadfa0d50
Event: 8.894 Thread 0x0000024aadfa2a30 Thread exited: 0x0000024aadfa2a30


Dynamic libraries:
0x00007ff6ed0a0000 - 0x00007ff6ed0ae000 	C:\Users\abbas\.jdks\openjdk-18.0.2.1\bin\java.exe
0x00007fff9f140000 - 0x00007fff9f349000 	C:\WINDOWS\SYSTEM32\ntdll.dll
0x00007fff9d640000 - 0x00007fff9d6fe000 	C:\WINDOWS\System32\KERNEL32.DLL
0x00007fff9cad0000 - 0x00007fff9ce4b000 	C:\WINDOWS\System32\KERNELBASE.dll
0x00007fff9c680000 - 0x00007fff9c791000 	C:\WINDOWS\System32\ucrtbase.dll
0x00007fff79110000 - 0x00007fff79127000 	C:\Users\abbas\.jdks\openjdk-18.0.2.1\bin\jli.dll
0x00007fff20360000 - 0x00007fff2037a000 	C:\Users\abbas\.jdks\openjdk-18.0.2.1\bin\VCRUNTIME140.dll
0x00007fff9e1c0000 - 0x00007fff9e36d000 	C:\WINDOWS\System32\USER32.dll
0x00007fff9caa0000 - 0x00007fff9cac6000 	C:\WINDOWS\System32\win32u.dll
0x00007fff9ea70000 - 0x00007fff9ea99000 	C:\WINDOWS\System32\GDI32.dll
0x00007fff83530000 - 0x00007fff837d5000 	C:\WINDOWS\WinSxS\amd64_microsoft.windows.common-controls_6595b64144ccf1df_6.0.22000.120_none_9d947278b86cc467\COMCTL32.dll
0x00007fff9c8c0000 - 0x00007fff9c9d8000 	C:\WINDOWS\System32\gdi32full.dll
0x00007fff9e940000 - 0x00007fff9e9e3000 	C:\WINDOWS\System32\msvcrt.dll
0x00007fff9c7a0000 - 0x00007fff9c83d000 	C:\WINDOWS\System32\msvcp_win.dll
0x00007fff9e710000 - 0x00007fff9e742000 	C:\WINDOWS\System32\IMM32.DLL
0x00007fff6ed70000 - 0x00007fff6ed7c000 	C:\Users\abbas\.jdks\openjdk-18.0.2.1\bin\vcruntime140_1.dll
0x00007fff14a70000 - 0x00007fff14afd000 	C:\Users\abbas\.jdks\openjdk-18.0.2.1\bin\msvcp140.dll
0x00007fff035f0000 - 0x00007fff04201000 	C:\Users\abbas\.jdks\openjdk-18.0.2.1\bin\server\jvm.dll
0x00007fff9e890000 - 0x00007fff9e93e000 	C:\WINDOWS\System32\ADVAPI32.dll
0x00007fff9e110000 - 0x00007fff9e1ae000 	C:\WINDOWS\System32\sechost.dll
0x00007fff9e750000 - 0x00007fff9e870000 	C:\WINDOWS\System32\RPCRT4.dll
0x00007fff9d700000 - 0x00007fff9d708000 	C:\WINDOWS\System32\PSAPI.DLL
0x00007fff940c0000 - 0x00007fff940ca000 	C:\WINDOWS\SYSTEM32\VERSION.dll
0x00007fff96b30000 - 0x00007fff96b63000 	C:\WINDOWS\SYSTEM32\WINMM.dll
0x00007fff83b30000 - 0x00007fff83b39000 	C:\WINDOWS\SYSTEM32\WSOCK32.dll
0x00007fff9e9f0000 - 0x00007fff9ea5f000 	C:\WINDOWS\System32\WS2_32.dll
0x00007fff9b690000 - 0x00007fff9b6a8000 	C:\WINDOWS\SYSTEM32\kernel.appcore.dll
0x00007fff6d750000 - 0x00007fff6d75a000 	C:\Users\abbas\.jdks\openjdk-18.0.2.1\bin\jimage.dll
0x00007fff9a340000 - 0x00007fff9a561000 	C:\WINDOWS\SYSTEM32\DBGHELP.DLL
0x00007fff93ea0000 - 0x00007fff93ed1000 	C:\WINDOWS\SYSTEM32\dbgcore.DLL
0x00007fff9c840000 - 0x00007fff9c8bf000 	C:\WINDOWS\System32\bcryptPrimitives.dll
0x00007fff94730000 - 0x00007fff9473e000 	C:\Users\abbas\.jdks\openjdk-18.0.2.1\bin\instrument.dll
0x00007fff186b0000 - 0x00007fff186d5000 	C:\Users\abbas\.jdks\openjdk-18.0.2.1\bin\java.dll
0x00007fff14990000 - 0x00007fff14a66000 	C:\Users\abbas\.jdks\openjdk-18.0.2.1\bin\jsvml.dll
0x00007fff9d720000 - 0x00007fff9ded8000 	C:\WINDOWS\System32\SHELL32.dll
0x00007fff9a700000 - 0x00007fff9af65000 	C:\WINDOWS\SYSTEM32\windows.storage.dll
0x00007fff9d2c0000 - 0x00007fff9d638000 	C:\WINDOWS\System32\combase.dll
0x00007fff9a590000 - 0x00007fff9a6f6000 	C:\WINDOWS\SYSTEM32\wintypes.dll
0x00007fff9eaa0000 - 0x00007fff9eb8a000 	C:\WINDOWS\System32\SHCORE.dll
0x00007fff9f020000 - 0x00007fff9f07d000 	C:\WINDOWS\System32\shlwapi.dll
0x00007fff9c540000 - 0x00007fff9c561000 	C:\WINDOWS\SYSTEM32\profapi.dll
0x00007fff17b20000 - 0x00007fff17b38000 	C:\Users\abbas\.jdks\openjdk-18.0.2.1\bin\zip.dll
0x00007fff1f660000 - 0x00007fff1f673000 	C:\Users\abbas\.jdks\openjdk-18.0.2.1\bin\net.dll
0x00007fff969d0000 - 0x00007fff96ae4000 	C:\WINDOWS\SYSTEM32\WINHTTP.dll
0x00007fff9bb30000 - 0x00007fff9bb97000 	C:\WINDOWS\system32\mswsock.dll
0x00007fff18310000 - 0x00007fff18326000 	C:\Users\abbas\.jdks\openjdk-18.0.2.1\bin\nio.dll
0x00007fff81a40000 - 0x00007fff81a5a000 	C:\Program Files\JetBrains\IntelliJ IDEA Community Edition 2022.1.1\bin\breakgen64.dll
0x00007fff6a260000 - 0x00007fff6a270000 	C:\Users\abbas\.jdks\openjdk-18.0.2.1\bin\verify.dll
0x00007fff9bdf0000 - 0x00007fff9be08000 	C:\WINDOWS\SYSTEM32\CRYPTSP.dll
0x00007fff9b5f0000 - 0x00007fff9b625000 	C:\WINDOWS\system32\rsaenh.dll
0x00007fff9bc20000 - 0x00007fff9bc49000 	C:\WINDOWS\SYSTEM32\USERENV.dll
0x00007fff9bf70000 - 0x00007fff9bf97000 	C:\WINDOWS\SYSTEM32\bcrypt.dll
0x00007fff9bde0000 - 0x00007fff9bdec000 	C:\WINDOWS\SYSTEM32\CRYPTBASE.dll
0x00007fff9b1c0000 - 0x00007fff9b1ed000 	C:\WINDOWS\SYSTEM32\IPHLPAPI.DLL
0x00007fff9e1b0000 - 0x00007fff9e1b9000 	C:\WINDOWS\System32\NSI.dll
0x00007fff96b80000 - 0x00007fff96b99000 	C:\WINDOWS\SYSTEM32\dhcpcsvc6.DLL
0x00007fff97430000 - 0x00007fff9744e000 	C:\WINDOWS\SYSTEM32\dhcpcsvc.DLL
0x00007fff9b1f0000 - 0x00007fff9b2d8000 	C:\WINDOWS\SYSTEM32\DNSAPI.dll
0x00007fff940b0000 - 0x00007fff940ba000 	C:\Windows\System32\rasadhlp.dll
0x00007fff94b40000 - 0x00007fff94bc1000 	C:\WINDOWS\System32\fwpuclnt.dll
0x00007fff8dce0000 - 0x00007fff8dcee000 	C:\Users\abbas\.jdks\openjdk-18.0.2.1\bin\sunmscapi.dll
0x00007fff9ce50000 - 0x00007fff9cfb2000 	C:\WINDOWS\System32\CRYPT32.dll
0x00007fff9bf40000 - 0x00007fff9bf68000 	C:\WINDOWS\SYSTEM32\ncrypt.dll
0x00007fff9bf00000 - 0x00007fff9bf37000 	C:\WINDOWS\SYSTEM32\NTASN1.dll
0x00007fff90840000 - 0x00007fff90849000 	C:\Users\abbas\.jdks\openjdk-18.0.2.1\bin\management.dll
0x00007fff8de80000 - 0x00007fff8de8b000 	C:\Users\abbas\.jdks\openjdk-18.0.2.1\bin\management_ext.dll
0x00007fff6a490000 - 0x00007fff6a4a7000 	C:\WINDOWS\system32\napinsp.dll
0x00007fff6a3f0000 - 0x00007fff6a40b000 	C:\WINDOWS\system32\pnrpnsp.dll
0x00007fff6a3d0000 - 0x00007fff6a3e2000 	C:\WINDOWS\System32\winrnr.dll
0x00007fff76a70000 - 0x00007fff76a85000 	C:\WINDOWS\system32\wshbth.dll
0x00007fff50ef0000 - 0x00007fff50f0f000 	C:\WINDOWS\system32\nlansp_c.dll

dbghelp: loaded successfully - version: 4.0.5 - missing functions: none
symbol engine: initialized successfully - sym options: 0x614 - pdb path: .;C:\Users\abbas\.jdks\openjdk-18.0.2.1\bin;C:\WINDOWS\SYSTEM32;C:\WINDOWS\WinSxS\amd64_microsoft.windows.common-controls_6595b64144ccf1df_6.0.22000.120_none_9d947278b86cc467;C:\Users\abbas\.jdks\openjdk-18.0.2.1\bin\server;C:\Program Files\JetBrains\IntelliJ IDEA Community Edition 2022.1.1\bin

VM Arguments:
jvm_args: -ea -Duser.language=en -DnodeNamesHandler=org.jetbrains.plugins.cucumber.java.run.CucumberTestTreeNodeManager -Didea.test.cyclic.buffer.size=1048576 -javaagent:C:\Program Files\JetBrains\IntelliJ IDEA Community Edition 2022.1.1\lib\idea_rt.jar=54891:C:\Program Files\JetBrains\IntelliJ IDEA Community Edition 2022.1.1\bin -Dfile.encoding=UTF-8 
java_command: com.intellij.rt.junit.JUnitStarter -ideVersion5 -junit4 runners.Runner
java_class_path (initial): C:\Program Files\JetBrains\IntelliJ IDEA Community Edition 2022.1.1\lib\idea_rt.jar;C:\Program Files\JetBrains\IntelliJ IDEA Community Edition 2022.1.1\plugins\junit\lib\junit5-rt.jar;C:\Program Files\JetBrains\IntelliJ IDEA Community Edition 2022.1.1\plugins\junit\lib\junit-rt.jar;C:\Users\abbas\IdeaProjects\Team03_CucumberProject\target\test-classes;C:\Users\abbas\.m2\repository\org\seleniumhq\selenium\selenium-java\4.1.2\selenium-java-4.1.2.jar;C:\Users\abbas\.m2\repository\org\seleniumhq\selenium\selenium-api\4.1.2\selenium-api-4.1.2.jar;C:\Users\abbas\.m2\repository\org\seleniumhq\selenium\selenium-chrome-driver\4.1.2\selenium-chrome-driver-4.1.2.jar;C:\Users\abbas\.m2\repository\com\google\auto\service\auto-service-annotations\1.0.1\auto-service-annotations-1.0.1.jar;C:\Users\abbas\.m2\repository\com\google\auto\service\auto-service\1.0.1\auto-service-1.0.1.jar;C:\Users\abbas\.m2\repository\com\google\auto\auto-common\1.2\auto-common-1.2.jar;C:\Users\abbas\.m2\repository\com\google\guava\guava\31.0.1-jre\guava-31.0.1-jre.jar;C:\Users\abbas\.m2\repository\com\google\guava\failureaccess\1.0.1\failureaccess-1.0.1.jar;C:\Users\abbas\.m2\repository\com\google\guava\listenablefuture\9999.0-empty-to-avoid-conflict-with-guava\listenablefuture-9999.0-empty-to-avoid-conflict-with-guava.jar;C:\Users\abbas\.m2\repository\com\google\errorprone\error_prone_annotations\2.7.1\error_prone_annotations-2.7.1.jar;C:\Users\abbas\.m2\repository\com\google\j2objc\j2objc-annotations\1.3\j2objc-annotations-1.3.jar;C:\Users\abbas\.m2\repository\org\seleniumhq\selenium\selenium-chromium-driver\4.1.2\selenium-chromium-driver-4.1.2.jar;C:\Users\abbas\.m2\repository\org\seleniumhq\selenium\selenium-json\4.1.2\selenium-json-4.1.2.jar;C:\Users\abbas\.m2\repository\org\seleniumhq\selenium\selenium-devtools-v85\4.1.2\selenium-devtools-v85-4.1.2.jar;C:\Users\abbas\.m2\repository\org\seleniumhq\selenium\selenium-devtools-v95\4.1.2\selenium-devtools-v95-4.1.2.jar;C:\Users\abbas\.m2\repository\org\seleniumhq\selenium\selenium-devtools-v96\4.1.2\selenium-devtools-v96-4.1.2.jar;C:\Users\abbas\.m2\repository\org\seleniumhq\selenium\selenium-devtools-v97\4.1.2\selenium-devtools-v97-4.1.2.jar;C:\Users\abbas\.m2\repository\org\seleniumhq\selenium\selenium-edge-driver\4.1.2\selenium-edge-driver-4.1.2.jar;C:\Users\abbas\.m2\repository\org\seleniumhq\selenium\selenium-firefox-driver\4.1.2\selenium-firefox-driver-4.1.2.jar;C:\Users\abbas\.m2\repository\org\seleniumhq\selenium\selenium-firefox-xpi-driver\4.1.2\selenium-firefox-xpi-driver-4.1.2.jar;C:\Users\abbas\.m2\repository\org\seleniumhq\selenium\selenium-ie-driver\4.1.2\selenium-ie-driver-4.1.2.jar;C:\Users\abbas\.m2\repository\org\seleniumhq\selenium\selenium-opera-driver\4.1.2\selenium-opera-driver-4.1.2.jar;C:\Users\abbas\.m2\repository\org\seleniumhq\selenium\selenium-remote-driver\4.1.2\selenium-remote-driver-4.1.2.jar;C:\Users\abbas\.m2\repository\io\netty\netty-buffer\4.1.73.Final\netty-buffer-4.1.73.Final.jar;C:\Users\abbas\.m2\repository\io\netty\netty-codec-http\4.1.73.Final\netty-codec-http-4.1.73.Final.jar;C:\Users\abbas\.m2\repository\io\netty\netty-codec\4.1.73.Final\netty-codec-4.1.73.Final.jar;C:\Users\abbas\.m2\repository\io\netty\netty-handler\4.1.73.Final\netty-handler-4.1.73.Final.jar;C:\Users\abbas\.m2\repository\io\netty\netty-tcnative-classes\2.0.46.Final\netty-tcnative-classes-2.0.46.Final.jar;C:\Users\abbas\.m2\repository\io\netty\netty-common\4.1.73.Final\netty-common-4.1.73.Final.jar;C:\Users\abbas\.m2\repository\io\netty\netty-transport-classes-epoll\4.1.73.Final\netty-transport-classes-epoll-4.1.73.Final.jar;C:\Users\abbas\.m2\repository\io\netty\netty-transport-classes-kqueue\4.1.73.Final\netty-transport-classes-kqueue-4.1.73.Final.jar;C:\Users\abbas\.m2\repository\io\netty\netty-transport-native-epoll\4.1.73.Final\netty-transport-native-epoll-4.1.73.Final.jar;C:\Users\abbas\.m2\repository\io\netty\netty-transport-native-kqueue\4.1.73.Final\netty-transport-native-kqueue-4.1.73.Final.jar;C:\Users\abbas\.m2\repository\io\netty\netty-transport-native-unix-common\4.1.73.Final\netty-transport-native-unix-common-4.1.73.Final.jar;C:\Users\abbas\.m2\repository\io\netty\netty-transport\4.1.73.Final\netty-transport-4.1.73.Final.jar;C:\Users\abbas\.m2\repository\io\netty\netty-resolver\4.1.73.Final\netty-resolver-4.1.73.Final.jar;C:\Users\abbas\.m2\repository\io\opentelemetry\opentelemetry-api\1.10.1\opentelemetry-api-1.10.1.jar;C:\Users\abbas\.m2\repository\io\opentelemetry\opentelemetry-context\1.10.1\opentelemetry-context-1.10.1.jar;C:\Users\abbas\.m2\repository\io\opentelemetry\opentelemetry-exporter-logging\1.10.1\opentelemetry-exporter-logging-1.10.1.jar;C:\Users\abbas\.m2\repository\io\opentelemetry\opentelemetry-sdk-metrics\1.10.1-alpha\opentelemetry-sdk-metrics-1.10.1-alpha.jar;C:\Users\abbas\.m2\repository\io\opentelemetry\opentelemetry-sdk-logs\1.10.1-alpha\opentelemetry-sdk-logs-1.10.1-alpha.jar;C:\Users\abbas\.m2\repository\io\opentelemetry\opentelemetry-sdk-common\1.10.1\opentelemetry-sdk-common-1.10.1.jar;C:\Users\abbas\.m2\repository\io\opentelemetry\opentelemetry-sdk-extension-autoconfigure-spi\1.10.1\opentelemetry-sdk-extension-autoconfigure-spi-1.10.1.jar;C:\Users\abbas\.m2\repository\io\opentelemetry\opentelemetry-sdk-extension-autoconfigure\1.10.1-alpha\opentelemetry-sdk-extension-autoconfigure-1.10.1-alpha.jar;C:\Users\abbas\.m2\repository\io\opentelemetry\opentelemetry-sdk-trace\1.10.1\opentelemetry-sdk-trace-1.10.1.jar;C:\Users\abbas\.m2\repository\io\opentelemetry\opentelemetry-sdk\1.10.1\opentelemetry-sdk-1.10.1.jar;C:\Users\abbas\.m2\repository\io\opentelemetry\opentelemetry-semconv\1.10.1-alpha\opentelemetry-semconv-1.10.1-alpha.jar;C:\Users\abbas\.m2\repository\io\ous\jtoml\2.0.0\jtoml-2.0.0.jar;C:\Users\abbas\.m2\repository\net\bytebuddy\byte-buddy\1.12.7\byte-buddy-1.12.7.jar;C:\Users\abbas\.m2\repository\org\apache\commons\commons-exec\1.3\commons-exec-1.3.jar;C:\Users\abbas\.m2\repository\org\asynchttpclient\async-http-client\2.12.3\async-http-client-2.12.3.jar;C:\Users\abbas\.m2\repository\org\asynchttpclient\async-http-client-netty-utils\2.12.3\async-http-client-netty-utils-2.12.3.jar;C:\Users\abbas\.m2\repository\io\netty\netty-codec-socks\4.1.60.Final\netty-codec-socks-4.1.60.Final.jar;C:\Users\abbas\.m2\repository\io\netty\netty-handler-proxy\4.1.60.Final\netty-handler-proxy-4.1.60.Final.jar;C:\Users\abbas\.m2\repository\io\netty\netty-transport-native-epoll\4.1.60.Final\netty-transport-native-epoll-4.1.60.Final-linux-x86_64.jar;C:\Users\abbas\.m2\repository\io\netty\netty-transport-native-kqueue\4.1.60.Final\netty-transport-native-kqueue-4.1.60.Final-osx-x86_64.jar;C:\Users\abbas\.m2\repository\org\reactivestreams\reactive-streams\1.0.3\reactive-streams-1.0.3.jar;C:\Users\abbas\.m2\repository\com\typesafe\netty\netty-reactive-streams\2.0.4\netty-reactive-streams-2.0.4.jar;C:\Users\abbas\.m2\repository\com\sun\activation\jakarta.activation\1.2.2\jakarta.activation-1.2.2.jar;C:\Users\abbas\.m2\repository\org\seleniumhq\selenium\selenium-http\4.1.2\selenium-http-4.1.2.jar;C:\Users\abbas\.m2\repository\net\jodah\failsafe\2.4.4\failsafe-2.4.4.jar;C:\Users\abbas\.m2\repository\org\seleniumhq\selenium\selenium-safari-driver\4.1.2\selenium-safari-driver-4.1.2.jar;C:\Users\abbas\.m2\repository\org\seleniumhq\selenium\selenium-support\4.1.2\selenium-support-4.1.2.jar;C:\Users\abbas\.m2\repository\io\github\bonigarcia\webdrivermanager\5.1.0\webdrivermanager-5.1.0.jar;C:\Users\abbas\.m2\repository\org\slf4j\slf4j-api\1.7.36\slf4j-api-1.7.36.jar;C:\Users\abbas\.m2\repository\com\github\docker-java\docker-java\3.2.13\docker-java-3.2.13.jar;C:\Users\abbas\.m2\repository\com\github\docker-java\docker-java-core\3.2.13\docker-java-core-3.2.13.jar;C:\Users\abbas\.m2\repository\com\github\docker-java\docker-java-api\3.2.13\docker-java-api-3.2.13.jar;C:\Users\abbas\.m2\repository\org\bouncycastle\bcpkix-jdk15on\1.64\bcpkix-jdk15on-1.64.jar;C:\Users\abbas\.m2\repository\org\bouncycastle\bcprov-jdk15on\1.64\bcprov-jdk15on-1.64.jar;C:\Users\abbas\.m2\repository\org\slf4j\jcl-over-slf4j\1.7.30\jcl-over-slf4j-1.7.30.jar;C:\Users\abbas\.m2\repository\com\github\docker-java\docker-java-transport-httpclient5\3.2.13\docker-java-transport-httpclient5-3.2.13.jar;C:\Users\abbas\.m2\repository\com\github\docker-java\docker-java-transport\3.2.13\docker-java-transport-3.2.13.jar;C:\Users\abbas\.m2\repository\org\apache\httpcomponents\client5\httpclient5\5.0.3\httpclient5-5.0.3.jar;C:\Users\abbas\.m2\repository\org\apache\httpcomponents\core5\httpcore5\5.0.2\httpcore5-5.0.2.jar;C:\Users\abbas\.m2\repository\net\java\dev\jna\jna\5.8.0\jna-5.8.0.jar;C:\Users\abbas\.m2\repository\org\brotli\dec\0.1.2\dec-0.1.2.jar;C:\Users\abbas\.m2\repository\org\apache\commons\commons-lang3\3.12.0\commons-lang3-3.12.0.jar;C:\Users\abbas\.m2\repository\io\cucumber\cucumber-java\7.8.0\cucumber-java-7.8.0.jar;C:\Users\abbas\.m2\repository\io\cucumber\cucumber-core\7.8.0\cucumber-core-7.8.0.jar;C:\Users\abbas\.m2\repository\io\cucumber\cucumber-gherkin\7.8.0\cucumber-gherkin-7.8.0.jar;C:\Users\abbas\.m2\repository\io\cucumber\cucumber-gherkin-messages\7.8.0\cucumber-gherkin-messages-7.8.0.jar;C:\Users\abbas\.m2\repository\io\cucumber\gherkin\24.0.0\gherkin-24.0.0.jar;C:\Users\abbas\.m2\repository\io\cucumber\messages\19.1.2\messages-19.1.2.jar;C:\Users\abbas\.m2\repository\io\cucumber\tag-expressions\4.1.0\tag-expressions-4.1.0.jar;C:\Users\abbas\.m2\repository\io\cucumber\cucumber-expressions\16.0.0\cucumber-expressions-16.0.0.jar;C:\Users\abbas\.m2\repository\io\cucumber\datatable\7.8.0\datatable-7.8.0.jar;C:\Users\abbas\.m2\repository\io\cucumber\cucumber-plugin\7.8.0\cucumber-plugin-7.8.0.jar;C:\Users\abbas\.m2\repository\io\cucumber\docstring\7.8.0\docstring-7.8.0.jar;C:\Users\abbas\.m2\repository\io\cucumber\html-formatter\20.1.0\html-formatter-20.1.0.jar;C:\Users\abbas\.m2\repository\io\cucumber\ci-environment\9.1.0\ci-environment-9.1.0.jar;C:\Users\abbas\.m2\repository\org\apiguardian\apiguardian-api\1.1.2\apiguardian-api-1.1.2.jar;C:\Users\abbas\.m2\repository\io\cucumber\cucumber-junit\7.8.0\cucumber-junit-7.8.0.jar;C:\Users\abbas\.m2\repository\com\github\javafaker\javafaker\1.0.2\javafaker-1.0.2.jar;C:\Users\abbas\.m2\repository\org\yaml\snakeyaml\1.23\snakeyaml-1.23-android.jar;C:\Users\abbas\.m2\repository\com\github\mifmif\generex\1.0.2\generex-1.0.2.jar;C:\Users\abbas\.m2\repository\dk\brics\automaton\automaton\1.11-8\automaton-1.11-8.jar;C:\Users\abbas\.m2\repository\org\apache\poi\poi\5.2.2\poi-5.2.2.jar;C:\Users\abbas\.m2\repository\commons-codec\commons-codec\1.15\commons-codec-1.15.jar;C:\Users\abbas\.m2\repository\org\apache\commons\commons-collections4\4.4\commons-collections4-4.4.jar;C:\Users\abbas\.m2\repository\org\apache\commons\commons-math3\3.6.1\commons-math3-3.6.1.jar;C:\Users\abbas\.m2\repository\commons-io\commons-io\2.11.0\commons-io-2.11.0.jar;C:\Users\abbas\.m2\repository\com\zaxxer\SparseBitSet\1.2\SparseBitSet-1.2.jar;C:\Users\abbas\.m2\repository\org\apache\logging\log4j\log4j-api\2.17.2\log4j-api-2.17.2.jar;C:\Users\abbas\.m2\repository\org\apache\poi\poi-ooxml\5.2.2\poi-ooxml-5.2.2.jar;C:\Users\abbas\.m2\repository\org\apache\poi\poi-ooxml-lite\5.2.2\poi-ooxml-lite-5.2.2.jar;C:\Users\abbas\.m2\repository\org\apache\xmlbeans\xmlbeans\5.0.3\xmlbeans-5.0.3.jar;C:\Users\abbas\.m2\repository\org\apache\commons\commons-compress\1.21\commons-compress-1.21.jar;C:\Users\abbas\.m2\repository\com\github\virtuald\curvesapi\1.07\curvesapi-1.07.jar;C:\Users\abbas\.m2\repository\io\rest-assured\rest-assured\5.2.0\rest-assured-5.2.0.jar;C:\Users\abbas\.m2\repository\org\apache\groovy\groovy\4.0.1\groovy-4.0.1.jar;C:\Users\abbas\.m2\repository\org\apache\groovy\groovy-xml\4.0.1\groovy-xml-4.0.1.jar;C:\Users\abbas\.m2\repository\org\apache\httpcomponents\httpclient\4.5.13\httpclient-4.5.13.jar;C:\Users\abbas\.m2\repository\org\apache\httpcomponents\httpcore\4.4.13\httpcore-4.4.13.jar;C:\Users\abbas\.m2\repository\commons-logging\commons-logging\1.2\commons-logging-1.2.jar;C:\Users\abbas\.m2\repository\org\apache\httpcomponents\httpmime\4.5.13\httpmime-4.5.13.jar;C:\Users\abbas\.m2\repository\org\hamcrest\hamcrest\2.1\hamcrest-2.1.jar;C:\Users\abbas\.m2\repository\org\ccil\cowan\tagsoup\tagsoup\1.2.1\tagsoup-1.2.1.jar;C:\Users\abbas\.m2\repository\io\rest-assured\json-path\5.2.0\json-path-5.2.0.jar;C:\Users\abbas\.m2\repository\org\apache\groovy\groovy-json\4.0.1\groovy-json-4.0.1.jar;C:\Users\abbas\.m2\repository\io\rest-assured\rest-assured-common\5.2.0\rest-assured-common-5.2.0.jar;C:\Users\abbas\.m2\repository\io\rest-assured\xml-path\5.2.0\xml-path-5.2.0.jar;C:\Users\abbas\.m2\repository\org\json\json\20220924\json-20220924.jar;C:\Users\abbas\.m2\repository\org\testng\testng\7.6.1\testng-7.6.1.jar;C:\Users\abbas\.m2\repository\com\google\code\findbugs\jsr305\3.0.2\jsr305-3.0.2.jar;C:\Users\abbas\.m2\repository\com\beust\jcommander\1.82\jcommander-1.82.jar;C:\Users\abbas\.m2\repository\org\webjars\jquery\3.6.0\jquery-3.6.0.jar;C:\Users\abbas\.m2\repository\com\google\code\gson\gson\2.9.0\gson-2.9.0.jar;C:\Users\abbas\.m2\repository\org\codehaus\jackson\jackson-mapper-asl\1.9.13\jackson-mapper-asl-1.9.13.jar;C:\Users\abbas\.m2\repository\org\codehaus\jackson\jackson-core-asl\1.9.13\jackson-core-asl-1.9.13.jar;C:\Users\abbas\.m2\repository\junit\junit\4.13.2\junit-4.13.2.jar;C:\Users\abbas\.m2\repository\org\hamcrest\hamcrest-core\1.3\hamcrest-core-1.3.jar;C:\Users\abbas\.m2\repository\org\junit\jupiter\junit-jupiter\5.9.1\junit-jupiter-5.9.1.jar;C:\Users\abbas\.m2\repository\org\junit\jupiter\junit-jupiter-api\5.9.1\junit-jupiter-api-5.9.1.jar;C:\Users\abbas\.m2\repository\org\opentest4j\opentest4j\1.2.0\opentest4j-1.2.0.jar;C:\Users\abbas\.m2\repository\org\junit\platform\junit-platform-commons\1.9.1\junit-platform-commons-1.9.1.jar;C:\Users\abbas\.m2\repository\org\junit\jupiter\junit-jupiter-params\5.9.1\junit-jupiter-params-5.9.1.jar;C:\Users\abbas\.m2\repository\org\junit\jupiter\junit-jupiter-engine\5.9.1\junit-jupiter-engine-5.9.1.jar;C:\Users\abbas\.m2\repository\org\junit\platform\junit-platform-engine\1.9.1\junit-platform-engine-1.9.1.jar;C:\Users\abbas\.m2\repository\com\fasterxml\jackson\core\jackson-databind\2.14.0-rc3\jackson-databind-2.14.0-rc3.jar;C:\Users\abbas\.m2\repository\com\fasterxml\jackson\core\jackson-annotations\2.14.0-rc3\jackson-annotations-2.14.0-rc3.jar;C:\Users\abbas\.m2\repository\com\fasterxml\jackson\core\jackson-core\2.14.0-rc3\jackson-core-2.14.0-rc3.jar;C:\Users\abbas\.m2\repository\org\postgresql\postgresql\42.5.0\postgresql-42.5.0.jar;C:\Users\abbas\.m2\repository\org\checkerframework\checker-qual\3.5.0\checker-qual-3.5.0.jar;C:\Users\abbas\AppData\Roaming\JetBrains\IdeaIC2022.1\plugins\cucumber-java\lib\cucumber-jvmFormatter.jar
Launcher Type: SUN_STANDARD

[Global flags]
     intx CICompilerCount                          = 4                                         {product} {ergonomic}
     uint ConcGCThreads                            = 3                                         {product} {ergonomic}
     uint G1ConcRefinementThreads                  = 10                                        {product} {ergonomic}
   size_t G1HeapRegionSize                         = 1048576                                   {product} {ergonomic}
    uintx GCDrainStackTargetSize                   = 64                                        {product} {ergonomic}
   size_t InitialHeapSize                          = 98566144                                  {product} {ergonomic}
   size_t MarkStackSize                            = 4194304                                   {product} {ergonomic}
   size_t MaxHeapSize                              = 1574961152                                {product} {ergonomic}
   size_t MaxNewSize                               = 944766976                                 {product} {ergonomic}
   size_t MinHeapDeltaBytes                        = 1048576                                   {product} {ergonomic}
   size_t MinHeapSize                              = 8388608                                   {product} {ergonomic}
    uintx NonNMethodCodeHeapSize                   = 5839372                                {pd product} {ergonomic}
    uintx NonProfiledCodeHeapSize                  = 122909434                              {pd product} {ergonomic}
    uintx ProfiledCodeHeapSize                     = 122909434                              {pd product} {ergonomic}
    uintx ReservedCodeCacheSize                    = 251658240                              {pd product} {ergonomic}
     bool SegmentedCodeCache                       = true                                      {product} {ergonomic}
   size_t SoftMaxHeapSize                          = 1574961152                             {manageable} {ergonomic}
     bool UseCompressedClassPointers               = true                           {product lp64_product} {ergonomic}
     bool UseCompressedOops                        = true                           {product lp64_product} {ergonomic}
     bool UseG1GC                                  = true                                      {product} {ergonomic}
     bool UseLargePagesIndividualAllocation        = false                                  {pd product} {ergonomic}

Logging:
Log output configuration:
 #0: stdout all=warning uptime,level,tags foldmultilines=false
 #1: stderr all=off uptime,level,tags foldmultilines=false

Environment Variables:
JAVA_HOME=C:\Program Files\Java\jdk-11.0.9
PATH=C:\Program Files\Common Files\Oracle\Java\javapath;C:\WINDOWS\system32;C:\WINDOWS;C:\WINDOWS\System32\Wbem;C:\WINDOWS\System32\WindowsPowerShell\v1.0\;C:\WINDOWS\System32\OpenSSH\;C:\Program Files\Java\jdk-11.0.9\bin;C:\Program Files\Git\cmd;C:\Users\abbas\AppData\Local\Microsoft\WindowsApps;C:\Program Files\Java\jdk-11.0.9\bin;C:\Program Files\apache-maven-3.8.6\bin;
USERNAME=abbas
OS=Windows_NT
PROCESSOR_IDENTIFIER=AMD64 Family 23 Model 104 Stepping 1, AuthenticAMD



---------------  S Y S T E M  ---------------

OS:
 Windows 11 , 64 bit Build 22000 (10.0.22000.1219)
OS uptime: 8 days 20:03 hours

CPU: total 12 (initial active 12) (12 cores per cpu, 2 threads per core) family 23 model 104 stepping 1 microcode 0x0, cx8, cmov, fxsr, ht, mmx, 3dnowpref, sse, sse2, sse3, ssse3, sse4a, sse4.1, sse4.2, popcnt, lzcnt, tsc, tscinvbit, avx, avx2, aes, clmul, bmi1, bmi2, adx, sha, fma, vzeroupper, clflush, clflushopt

Memory: 4k page, system-wide physical 6005M (82M free)
TotalPageFile size 24437M (AvailPageFile size 6M)
current process WorkingSet (physical memory assigned to process): 215M, peak: 215M
current process commit charge ("private bytes"): 262M, peak: 274M

vm_info: OpenJDK 64-Bit Server VM (18.0.2.1+1-1) for windows-amd64 JRE (18.0.2.1+1-1), built on Aug 16 2022 01:44:29 by "mach5one" with MS VC++ 16.8 / 16.9 (VS2019)

END.
